<?xml version="1.0" encoding="UTF-8"?>
<testsuite name="com.ldap.LdapApplicationTests" tests="1" skipped="0" failures="0" errors="0" timestamp="2023-11-29T11:08:55" hostname="SURESHJ" time="0.326">
  <properties/>
  <testcase name="contextLoads()" classname="com.ldap.LdapApplicationTests" time="0.326"/>
  <system-out><![CDATA[16:38:52.474 [Test worker] DEBUG org.springframework.test.context.BootstrapUtils - Instantiating CacheAwareContextLoaderDelegate from class [org.springframework.test.context.cache.DefaultCacheAwareContextLoaderDelegate]
16:38:52.482 [Test worker] DEBUG org.springframework.test.context.BootstrapUtils - Instantiating BootstrapContext using constructor [public org.springframework.test.context.support.DefaultBootstrapContext(java.lang.Class,org.springframework.test.context.CacheAwareContextLoaderDelegate)]
16:38:52.507 [Test worker] DEBUG org.springframework.test.context.BootstrapUtils - Instantiating TestContextBootstrapper for test class [com.ldap.LdapApplicationTests] from class [org.springframework.boot.test.context.SpringBootTestContextBootstrapper]
16:38:52.515 [Test worker] INFO org.springframework.boot.test.context.SpringBootTestContextBootstrapper - Neither @ContextConfiguration nor @ContextHierarchy found for test class [com.ldap.LdapApplicationTests], using SpringBootContextLoader
16:38:52.518 [Test worker] DEBUG org.springframework.test.context.support.AbstractContextLoader - Did not detect default resource location for test class [com.ldap.LdapApplicationTests]: class path resource [com/ldap/LdapApplicationTests-context.xml] does not exist
16:38:52.519 [Test worker] DEBUG org.springframework.test.context.support.AbstractContextLoader - Did not detect default resource location for test class [com.ldap.LdapApplicationTests]: class path resource [com/ldap/LdapApplicationTestsContext.groovy] does not exist
16:38:52.519 [Test worker] INFO org.springframework.test.context.support.AbstractContextLoader - Could not detect default resource locations for test class [com.ldap.LdapApplicationTests]: no resource found for suffixes {-context.xml, Context.groovy}.
16:38:52.520 [Test worker] INFO org.springframework.test.context.support.AnnotationConfigContextLoaderUtils - Could not detect default configuration classes for test class [com.ldap.LdapApplicationTests]: LdapApplicationTests does not declare any static, non-private, non-final, nested classes annotated with @Configuration.
16:38:52.550 [Test worker] DEBUG org.springframework.test.context.support.ActiveProfilesUtils - Could not find an 'annotation declaring class' for annotation type [org.springframework.test.context.ActiveProfiles] and class [com.ldap.LdapApplicationTests]
16:38:52.595 [Test worker] DEBUG org.springframework.context.annotation.ClassPathScanningCandidateComponentProvider - Identified candidate component class: file [C:\Users\1540\IdeaProjects\ldap\build\classes\java\main\com\ldap\LdapApplication.class]
16:38:52.612 [Test worker] INFO org.springframework.boot.test.context.SpringBootTestContextBootstrapper - Found @SpringBootConfiguration com.ldap.LdapApplication for test class com.ldap.LdapApplicationTests
16:38:52.681 [Test worker] DEBUG org.springframework.boot.test.context.SpringBootTestContextBootstrapper - @TestExecutionListeners is not present for class [com.ldap.LdapApplicationTests]: using defaults.
16:38:52.681 [Test worker] INFO org.springframework.boot.test.context.SpringBootTestContextBootstrapper - Loaded default TestExecutionListener class names from location [META-INF/spring.factories]: [org.springframework.boot.test.autoconfigure.restdocs.RestDocsTestExecutionListener, org.springframework.boot.test.autoconfigure.web.client.MockRestServiceServerResetTestExecutionListener, org.springframework.boot.test.autoconfigure.web.servlet.MockMvcPrintOnlyOnFailureTestExecutionListener, org.springframework.boot.test.autoconfigure.web.servlet.WebDriverTestExecutionListener, org.springframework.boot.test.autoconfigure.webservices.client.MockWebServiceServerTestExecutionListener, org.springframework.boot.test.mock.mockito.MockitoTestExecutionListener, org.springframework.boot.test.mock.mockito.ResetMocksTestExecutionListener, org.springframework.test.context.web.ServletTestExecutionListener, org.springframework.test.context.support.DirtiesContextBeforeModesTestExecutionListener, org.springframework.test.context.event.ApplicationEventsTestExecutionListener, org.springframework.test.context.support.DependencyInjectionTestExecutionListener, org.springframework.test.context.support.DirtiesContextTestExecutionListener, org.springframework.test.context.transaction.TransactionalTestExecutionListener, org.springframework.test.context.jdbc.SqlScriptsTestExecutionListener, org.springframework.test.context.event.EventPublishingTestExecutionListener]
16:38:52.692 [Test worker] INFO org.springframework.boot.test.context.SpringBootTestContextBootstrapper - Using TestExecutionListeners: [org.springframework.test.context.web.ServletTestExecutionListener@58a55449, org.springframework.test.context.support.DirtiesContextBeforeModesTestExecutionListener@5949eba8, org.springframework.test.context.event.ApplicationEventsTestExecutionListener@6e0ff644, org.springframework.boot.test.mock.mockito.MockitoTestExecutionListener@58dea0a5, org.springframework.boot.test.autoconfigure.SpringBootDependencyInjectionTestExecutionListener@2a2bb0eb, org.springframework.test.context.support.DirtiesContextTestExecutionListener@3c291aad, org.springframework.test.context.transaction.TransactionalTestExecutionListener@2d0566ba, org.springframework.test.context.jdbc.SqlScriptsTestExecutionListener@733037, org.springframework.test.context.event.EventPublishingTestExecutionListener@7728643a, org.springframework.boot.test.autoconfigure.restdocs.RestDocsTestExecutionListener@320e400, org.springframework.boot.test.autoconfigure.web.client.MockRestServiceServerResetTestExecutionListener@5167268, org.springframework.boot.test.autoconfigure.web.servlet.MockMvcPrintOnlyOnFailureTestExecutionListener@1cfd1875, org.springframework.boot.test.autoconfigure.web.servlet.WebDriverTestExecutionListener@28c0b664, org.springframework.boot.test.autoconfigure.webservices.client.MockWebServiceServerTestExecutionListener@2c444798, org.springframework.boot.test.mock.mockito.ResetMocksTestExecutionListener@1af7f54a]
16:38:52.702 [Test worker] DEBUG org.springframework.test.context.support.AbstractDirtiesContextTestExecutionListener - Before test class: context [DefaultTestContext@4d0402b testClass = LdapApplicationTests, testInstance = [null], testMethod = [null], testException = [null], mergedContextConfiguration = [WebMergedContextConfiguration@2fa7ae9 testClass = LdapApplicationTests, locations = '{}', classes = '{class com.ldap.LdapApplication}', contextInitializerClasses = '[]', activeProfiles = '{}', propertySourceLocations = '{}', propertySourceProperties = '{org.springframework.boot.test.context.SpringBootTestContextBootstrapper=true}', contextCustomizers = set[org.springframework.boot.test.autoconfigure.actuate.metrics.MetricsExportContextCustomizerFactory$DisableMetricExportContextCustomizer@20f12539, org.springframework.boot.test.autoconfigure.properties.PropertyMappingContextCustomizer@0, org.springframework.boot.test.autoconfigure.web.servlet.WebDriverContextCustomizerFactory$Customizer@aa549e5, org.springframework.boot.test.context.filter.ExcludeFilterContextCustomizer@62e6b5c8, org.springframework.boot.test.json.DuplicateJsonObjectContextCustomizerFactory$DuplicateJsonObjectContextCustomizer@6aecbb8d, org.springframework.boot.test.mock.mockito.MockitoContextCustomizer@0, org.springframework.boot.test.web.client.TestRestTemplateContextCustomizer@52045dbe, org.springframework.boot.test.context.SpringBootTestArgs@1, org.springframework.boot.test.context.SpringBootTestWebEnvironment@3f1d2e23], resourceBasePath = 'src/main/webapp', contextLoader = 'org.springframework.boot.test.context.SpringBootContextLoader', parent = [null]], attributes = map['org.springframework.test.context.web.ServletTestExecutionListener.activateListener' -> true]], class annotated with @DirtiesContext [false] with mode [null].

  .   ____          _            __ _ _
 /\\ / ___'_ __ _ _(_)_ __  __ _ \ \ \ \
( ( )\___ | '_ | '_| | '_ \/ _` | \ \ \ \
 \\/  ___)| |_)| | | | | || (_| |  ) ) ) )
  '  |____| .__|_| |_|_| |_\__, | / / / /
 =========|_|==============|___/=/_/_/_/
 :: Spring Boot ::                (v2.7.0)

2023-11-29 16:38:52.975  INFO 18656 --- [    Test worker] com.ldap.LdapApplicationTests            : Starting LdapApplicationTests using Java 11.0.18 on SureshJ with PID 18656 (started by 1540 in C:\Users\1540\IdeaProjects\ldap)
2023-11-29 16:38:52.976  INFO 18656 --- [    Test worker] com.ldap.LdapApplicationTests            : No active profile set, falling back to 1 default profile: "default"
2023-11-29 16:38:54.081  INFO 18656 --- [    Test worker] s.s.l.DefaultSpringSecurityContextSource : Configure with URL ldap://192.168.1.23:389/ and root DN 
2023-11-29 16:38:54.086  INFO 18656 --- [    Test worker] o.s.l.c.support.AbstractContextSource    : Property 'userDn' not set - anonymous context will be used for read-write operations
2023-11-29 16:38:54.182 DEBUG 18656 --- [    Test worker] edFilterInvocationSecurityMetadataSource : Adding web access control expression [authenticated] for Ant [pattern='/user']
2023-11-29 16:38:54.212  INFO 18656 --- [    Test worker] o.s.s.web.DefaultSecurityFilterChain     : Will secure any request with [org.springframework.security.web.session.DisableEncodeUrlFilter@a90e2c1, org.springframework.security.web.context.request.async.WebAsyncManagerIntegrationFilter@89caf47, org.springframework.security.web.context.SecurityContextPersistenceFilter@35787726, org.springframework.security.web.header.HeaderWriterFilter@15d3793b, org.springframework.security.web.csrf.CsrfFilter@2415e4c7, org.springframework.security.web.authentication.logout.LogoutFilter@68af87ad, org.springframework.security.web.authentication.UsernamePasswordAuthenticationFilter@1129829c, org.springframework.security.web.authentication.ui.DefaultLoginPageGeneratingFilter@6f6cc7da, org.springframework.security.web.authentication.ui.DefaultLogoutPageGeneratingFilter@370ef50b, org.springframework.security.web.authentication.www.BasicAuthenticationFilter@26d5a317, org.springframework.security.web.savedrequest.RequestCacheAwareFilter@2fe2965c, org.springframework.security.web.servletapi.SecurityContextHolderAwareRequestFilter@5e50df2e, org.springframework.security.web.authentication.AnonymousAuthenticationFilter@2b877a54, org.springframework.security.web.session.SessionManagementFilter@68a305eb, org.springframework.security.web.access.ExceptionTranslationFilter@4a70d302, org.springframework.security.web.access.intercept.FilterSecurityInterceptor@3c88191b]
2023-11-29 16:38:55.104  INFO 18656 --- [    Test worker] o.s.b.a.e.web.EndpointLinksResolver      : Exposing 1 endpoint(s) beneath base path '/actuator'
2023-11-29 16:38:55.166  INFO 18656 --- [    Test worker] com.ldap.LdapApplicationTests            : Started LdapApplicationTests in 2.435 seconds (JVM running for 3.947)
]]></system-out>
  <system-err><![CDATA[]]></system-err>
</testsuite>
